<?xml version="1.0" encoding="UTF-8"?>
<!-- Generated by org.testng.reporters.JUnitReportReporter -->
<testsuite skipped="0" hostname="LAPTOP-E15BSKM2" name="compackage.DemoTest" tests="4" failures="0" timestamp="24 Oct 2021 07:49:16 GMT" time="0.014" errors="0">
  <testcase name="mul" time="0.000" classname="compackage.DemoTest"/>
  <testcase name="div" time="0.012" classname="compackage.DemoTest"/>
  <testcase name="sum" time="0.001" classname="compackage.DemoTest"/>
  <testcase name="sub" time="0.001" classname="compackage.DemoTest"/>
</testsuite> <!-- compackage.DemoTest -->
