<?xml version="1.0" encoding="UTF-8"?>
<!-- Generated by org.testng.reporters.JUnitReportReporter -->
<testsuite hostname="LAPTOP-E15BSKM2" failures="0" tests="4" name="compackage.DemoTest2" time="0.000" errors="0" timestamp="25 Oct 2021 16:59:09 GMT" skipped="0">
  <testcase classname="compackage.DemoTest2" name="sum" time="0.000"/>
  <testcase classname="compackage.DemoTest2" name="div" time="0.000"/>
  <testcase classname="compackage.DemoTest2" name="mul" time="0.000"/>
  <testcase classname="compackage.DemoTest2" name="sub" time="0.000"/>
</testsuite> <!-- compackage.DemoTest2 -->
